<?xml version="1.0" encoding="UTF-8"?>
<testng-results ignored="0" total="1" passed="1" failed="0" skipped="0">
  <reporter-output>
  </reporter-output>
  <suite started-at="2021-08-11T11:29:58 IST" name="Default suite" finished-at="2021-08-11T11:30:17 IST" duration-ms="19524">
    <groups>
    </groups>
    <test started-at="2021-08-11T11:29:58 IST" name="Default test" finished-at="2021-08-11T11:30:17 IST" duration-ms="19524">
      <class name="seleniumd.Jenkinsdemo">
        <test-method signature="jenkins()[pri:0, instance:seleniumd.Jenkinsdemo@6aaceffd]" started-at="2021-08-11T11:29:58 IST" name="jenkins" finished-at="2021-08-11T11:30:17 IST" duration-ms="19493" status="PASS">
          <reporter-output>
          </reporter-output>
        </test-method> <!-- jenkins -->
      </class> <!-- seleniumd.Jenkinsdemo -->
    </test> <!-- Default test -->
  </suite> <!-- Default suite -->
</testng-results>
